new Municipality(101, "København", 632340),
new Municipality(147, "Frederiksberg", 104305),
new Municipality(151, "Ballerup", 48602),
new Municipality(153, "Brøndby", 35090),
new Municipality(155, "Dragør", 14494),
new Municipality(157, "Gentofte", 74830),
new Municipality(159, "Gladsaxe", 69262),
new Municipality(161, "Glostrup", 23128),
new Municipality(163, "Herlev", 28953),
new Municipality(165, "Albertslund", 27731),
new Municipality(167, "Hvidovre", 53527),
new Municipality(169, "Høje-Taastrup", 50759),
new Municipality(173, "Lyngby-Taarbæk", 56214),
new Municipality(175, "Rødovre", 40652),
new Municipality(183, "Ishøj", 22989),
new Municipality(185, "Tårnby", 42989),
new Municipality(187, "Vallensbæk", 16633),
new Municipality(190, "Furesø", 40965),
new Municipality(201, "Allerød", 25633),
new Municipality(210, "Fredensborg", 40865),
new Municipality(217, "Helsingør", 62695),
new Municipality(219, "Hillerød", 51183),
new Municipality(223, "Hørsholm", 24864),
new Municipality(230, "Rudersdal", 56728),
new Municipality(240, "Egedal", 43354),
new Municipality(250, "Frederikssund", 45223),
new Municipality(253, "Greve", 50558),
new Municipality(259, "Køge", 60979),
new Municipality(260, "Halsnæs", 31384),
new Municipality(265, "Roskilde", 87914),
new Municipality(269, "Solrød", 23255),
new Municipality(270, "Gribskov", 41048),
new Municipality(306, "Odsherred", 32957),
new Municipality(316, "Holbæk", 71541),
new Municipality(320, "Faxe", 36576),
new Municipality(326, "Kalundborg", 48436),
new Municipality(329, "Ringsted", 34852),
new Municipality(330, "Slagelse", 79073),
new Municipality(336, "Stevns", 22805),
new Municipality(340, "Sorø", 29881),
new Municipality(350, "Lejre", 27996),
new Municipality(360, "Lolland", 41105),
new Municipality(370, "Næstved", 83143),
new Municipality(376, "Guldborgsund", 60722),
new Municipality(390, "Vordingborg", 45566),
new Municipality(400, "Bornholm", 39499),
new Municipality(410, "Middelfart", 38853),
new Municipality(411, "Christiansø", 84000),
new Municipality(420, "Assens", 40965),
new Municipality(430, "Faaborg-Midtfyn", 51556),
new Municipality(440, "Kerteminde", 23812),
new Municipality(450, "Nyborg", 32008.998),
new Municipality(461, "Odense", 204895),
new Municipality(479, "Svendborg", 58296),
new Municipality(480, "Nordfyns", 29665),
new Municipality(482, "Langeland", 12491),
new Municipality(492, "Ærø", 5964),
new Municipality(510, "Haderslev", 55670),
new Municipality(530, "Billund", 26608),
new Municipality(540, "Sønderborg", 74220),
new Municipality(550, "Tønder", 37366),
new Municipality(561, "Esbjerg", 115483),
new Municipality(563, "Fanø", 3488),
new Municipality(573, "Varde", 49961),
new Municipality(575, "Vejen", 42742),
new Municipality(580, "Aabenraa", 58761),
new Municipality(607, "Fredericia", 51377),
new Municipality(615, "Horsens", 90966),
new Municipality(621, "Kolding", 93175),
new Municipality(630, "Vejle", 115748),
new Municipality(657, "Herning", 89127),
new Municipality(661, "Holstebro", 58591),
new Municipality(665, "Lemvig", 19722),
new Municipality(671, "Struer", 21036),
new Municipality(706, "Syddjurs", 42962),
new Municipality(707, "Norddjurs", 37089),
new Municipality(710, "Favrskov", 48397),
new Municipality(727, "Odder", 22844),
new Municipality(730, "Randers", 97805),
new Municipality(740, "Silkeborg", 94026),
new Municipality(741, "Samsø", 3657),
new Municipality(746, "Skanderborg", 62678),
new Municipality(751, "Aarhus", 349983),
new Municipality(756, "Ikast-Brande", 41369),
new Municipality(760, "Ringkøbing-Skjern", 56594),
new Municipality(766, "Hedensted", 46722),
new Municipality(773, "Morsø", 20247),
new Municipality(779, "Skive", 45851),
new Municipality(787, "Thisted", 43423),
new Municipality(791, "Viborg", 96921),
new Municipality(810, "Brønderslev", 36304),
new Municipality(813, "Frederikshavn", 59654),
new Municipality(820, "Vesthimmerlands", 36727),
new Municipality(825, "Læsø", 1786),
new Municipality(840, "Rebild", 30113),
new Municipality(846, "Mariagerfjord", 41800),
new Municipality(849, "Jammerbugt", 38324),
new Municipality(851, "Aalborg", 217075),
new Municipality(860, "Hjørring", 64483),
