new Citizen(1, "Henrik", "Hansen", "201209-9154", 11, "either"),
new Citizen(2, "Lene", "Mortensen", "230735-2189", 85, "female"),
new Citizen(3, "Hans", "Larsen", "100282-0686", 38, "female"),
new Citizen(4, "Hans", "Mortensen", "200503-1945", 17, "female"),
new Citizen(5, "Lise", "Frederiksen", "151006-5513", 14, "either"),
new Citizen(6, "Hans", "Olsen", "020637-9743", 83, "female"),
new Citizen(7, "Mette", "Hansen", "250273-3438", 47, "female"),
new Citizen(8, "Morten", "Olsen", "160819-2120", 1, "male"),
new Citizen(9, "Bob", "Mortensen", "180920-7789", 0, "either"),
new Citizen(10, "Lene", "Olsen", "210991-9650", 29, "either"),
new Citizen(11, "Alice", "Frederiksen", "180292-3819", 28, "male"),
new Citizen(12, "Alice", "Jensen", "071140-6096", 80, "either"),
new Citizen(13, "Alice", "Olsen", "040522-4917", 98, "female"),
new Citizen(14, "Hanne", "Olsen", "210377-8834", 43, "either"),
new Citizen(15, "Mette", "Olsen", "140505-8822", 15, "female"),
new Citizen(16, "Bob", "Larsen", "161029-0902", 91, "either"),
new Citizen(17, "Morten", "Jensen", "250382-2831", 38, "female"),
new Citizen(18, "Jens", "Mortensen", "100662-6508", 58, "female"),
new Citizen(19, "Mathias", "Frederiksen", "260633-8511", 87, "either"),
new Citizen(20, "Hanne", "Mortensen", "140944-8894", 76, "male"),
new Citizen(21, "Alice", "Olsen", "150563-4848", 57, "female"),
new Citizen(22, "Jens", "Mortensen", "010833-4669", 87, "female"),
new Citizen(23, "Hanne", "Larsen", "260306-1597", 14, "male"),
new Citizen(24, "Jens", "Larsen", "100354-5700", 66, "female"),
new Citizen(25, "Lene", "Mortensen", "130581-6589", 39, "male"),
new Citizen(26, "Henrik", "Jensen", "030239-2849", 81, "female"),
new Citizen(27, "Jens", "Frederiksen", "260533-9722", 87, "either"),
new Citizen(28, "Mette", "Hansen", "140964-3558", 56, "male"),
new Citizen(29, "Alice", "Hansen", "051103-4086", 17, "either"),
new Citizen(30, "Jens", "Olsen", "061062-6328", 58, "male"),
new Citizen(31, "Mette", "Mortensen", "021137-0508", 83, "female"),
new Citizen(32, "Hans", "Hansen", "240877-0805", 43, "either"),
new Citizen(33, "Mathias", "Larsen", "190426-6611", 94, "either"),
new Citizen(34, "Henrik", "Hansen", "081130-0002", 90, "male"),
new Citizen(35, "Morten", "Mortensen", "170551-0100", 69, "female"),
new Citizen(36, "Alice", "Jensen", "240477-4467", 43, "either"),
new Citizen(37, "Lise", "Hansen", "090490-6312", 30, "either"),
new Citizen(38, "Mathias", "Mortensen", "151266-4158", 54, "male"),
new Citizen(39, "Alice", "Frederiksen", "280139-6939", 81, "either"),
new Citizen(40, "Alice", "Mortensen", "080193-9200", 27, "either"),
new Citizen(41, "Mette", "Hansen", "280340-2357", 80, "male"),
new Citizen(42, "Lise", "Larsen", "160527-9487", 93, "male"),
new Citizen(43, "Lise", "Mortensen", "110813-0713", 7, "female"),
new Citizen(44, "Mette", "Frederiksen", "081035-4520", 85, "male"),
new Citizen(45, "Bob", "Hansen", "080915-7389", 5, "female"),
new Citizen(46, "Bob", "Hansen", "220370-4840", 50, "either"),
new Citizen(47, "Hanne", "Jensen", "200975-6615", 45, "either"),
new Citizen(48, "Lise", "Mortensen", "141131-0659", 89, "female"),
new Citizen(49, "Jesper", "Larsen", "131046-3640", 74, "either"),
new Citizen(50, "Lise", "Mortensen", "190391-3178", 29, "either"),
new Citizen(51, "Alice", "Olsen", "120859-8434", 61, "male"),
new Citizen(52, "Alice", "Frederiksen", "011063-7581", 57, "male"),
new Citizen(53, "Mathias", "Frederiksen", "250942-2588", 78, "female"),
new Citizen(54, "Henrik", "Frederiksen", "120291-8868", 29, "either"),
new Citizen(55, "Lene", "Hansen", "150518-3294", 2, "female"),
new Citizen(56, "Henrik", "Mortensen", "080314-8040", 6, "female"),
new Citizen(57, "Henrik", "Mortensen", "280875-4848", 45, "female"),
new Citizen(58, "Lene", "Frederiksen", "160141-3010", 79, "male"),
new Citizen(59, "Mette", "Frederiksen", "141219-7378", 1, "female"),
new Citizen(60, "Lene", "Jensen", "130673-2333", 47, "male"),
new Citizen(61, "Henrik", "Larsen", "130660-0632", 60, "either"),
new Citizen(62, "Jesper", "Mortensen", "150580-9963", 40, "either"),
new Citizen(63, "Jesper", "Mortensen", "080121-5419", 99, "female"),
new Citizen(64, "Hanne", "Larsen", "080141-4287", 79, "female"),
new Citizen(65, "Jesper", "Mortensen", "050466-5745", 54, "either"),
new Citizen(66, "Hanne", "Frederiksen", "170312-3999", 8, "female"),
new Citizen(67, "Henrik", "Olsen", "160925-4371", 95, "male"),
new Citizen(68, "Bob", "Jensen", "120904-3356", 16, "male"),
new Citizen(69, "Lise", "Frederiksen", "110802-9350", 18, "either"),
new Citizen(70, "Lise", "Larsen", "050687-4750", 33, "either"),
new Citizen(71, "Lise", "Hansen", "230252-6329", 68, "either"),
new Citizen(72, "Alice", "Olsen", "101249-7038", 71, "either"),
new Citizen(73, "Jesper", "Mortensen", "160343-8991", 77, "male"),
new Citizen(74, "Jens", "Olsen", "170699-2395", 21, "either"),
new Citizen(75, "Bob", "Frederiksen", "091280-7353", 40, "male"),
new Citizen(76, "Jesper", "Mortensen", "160960-4286", 60, "male"),
new Citizen(77, "Jesper", "Larsen", "190314-6674", 6, "male"),
new Citizen(78, "Morten", "Olsen", "060761-7447", 59, "male"),
new Citizen(79, "Mette", "Hansen", "190502-8797", 18, "male"),
new Citizen(80, "Mette", "Jensen", "011220-0166", 0, "female"),
new Citizen(81, "Lise", "Larsen", "160619-8717", 1, "female"),
new Citizen(82, "Mathias", "Olsen", "070724-2622", 96, "female"),
new Citizen(83, "Jesper", "Hansen", "111207-6379", 13, "either"),
new Citizen(84, "Bob", "Hansen", "090733-5712", 87, "male"),
new Citizen(85, "Lene", "Jensen", "080859-4024", 61, "female"),
new Citizen(86, "Bob", "Olsen", "031156-2270", 64, "male"),
new Citizen(87, "Bob", "Jensen", "230876-3875", 44, "female"),
new Citizen(88, "Henrik", "Olsen", "280556-3992", 64, "either"),
new Citizen(89, "Lise", "Frederiksen", "260498-6785", 22, "female"),
new Citizen(90, "Jesper", "Hansen", "261123-7154", 97, "male"),
new Citizen(91, "Mette", "Jensen", "040592-9658", 28, "male"),
new Citizen(92, "Lene", "Jensen", "270372-5739", 48, "male"),
new Citizen(93, "Mette", "Jensen", "080192-6842", 28, "either"),
new Citizen(94, "Mette", "Olsen", "170702-3222", 18, "male"),
new Citizen(95, "Henrik", "Larsen", "220931-5049", 89, "male"),
new Citizen(96, "Jesper", "Olsen", "280634-1809", 86, "male"),
new Citizen(97, "Bob", "Frederiksen", "040221-5872", 99, "either"),
new Citizen(98, "Lise", "Olsen", "240156-0145", 64, "either"),
new Citizen(99, "Hanne", "Hansen", "250866-4855", 54, "female"),
new Citizen(100, "Morten", "Larsen", "150103-4148", 17, "male"),
